Arguments: 
  /usr/local/bin/node /usr/local/Cellar/yarn/1.6.0/libexec/bin/yarn.js install

PATH: 
  /usr/local/bin:/usr/bin:/bin:/usr/sbin:/sbin:/opt/X11/bin

Yarn version: 
  1.6.0

Node version: 
  8.9.4

Platform: 
  darwin x64

Trace: 
  Error: https://registry.yarnpkg.com/@nuxtjs%2fblog: ETIMEDOUT
      at Timeout._onTimeout (/usr/local/Cellar/yarn/1.6.0/libexec/lib/cli.js:133819:19)
      at ontimeout (timers.js:475:11)
      at tryOnTimeout (timers.js:310:5)
      at Timer.listOnTimeout (timers.js:270:5)

npm manifest: 
  {
    "name": "kbs-nuxt-dev",
    "version": "1.0.0",
    "description": "kbsdev - Nuxt.js project",
    "author": "kieranbs96 <kieranbs96@gmail.com>",
    "scripts": {
      "dev": "nuxt",
      "build": "nuxt build",
      "start": "nuxt start",
      "heroku-postbuild": "npm run build",
      "generate": "nuxt generate",
      "lint": "eslint --ext .js,.vue --ignore-path .gitignore .",
      "precommit": "npm run lint"
    },
    "dependencies": {
      "@nuxtjs/blog": "0.0.1-6",
      "nuxt": "^1.0.0",
      "scrollto-with-animation": "^4.5.2",
      "vue-disqus": "^2.0.4"
    },
    "devDependencies": {
      "babel-eslint": "^8.2.1",
      "eslint": "^4.15.0",
      "eslint-friendly-formatter": "^3.0.0",
      "eslint-loader": "^1.7.1",
      "eslint-plugin-vue": "^4.0.0",
      "node-sass": "^4.8.3",
      "pug": "^2.0.0-beta6",
      "pug-loader": "^2.4.0",
      "sass-loader": "^6.0.7"
    }
  }

yarn manifest: 
  No manifest

Lockfile: 
  No lockfile
